<?xml version="1.0" encoding="utf-8"?><testsuites name="pytest tests"><testsuite name="pytest" errors="0" failures="0" skipped="0" tests="15" time="1.699" timestamp="2026-04-09T20:28:41.049044+00:00" hostname="agent-env-9e82aee7-dc92-41f5-9654-5b2884e5600a"><testcase classname="backend.tests.test_backend.TestHealth" name="test_health_returns_ok" time="0.144" /><testcase classname="backend.tests.test_backend.TestAuth" name="test_login_success" time="0.278" /><testcase classname="backend.tests.test_backend.TestAuth" name="test_login_wrong_password" time="0.279" /><testcase classname="backend.tests.test_backend.TestAuth" name="test_register_new_user" time="0.050" /><testcase classname="backend.tests.test_backend.TestAuth" name="test_register_duplicate_email" time="0.050" /><testcase classname="backend.tests.test_backend.TestAuth" name="test_get_me" time="0.315" /><testcase classname="backend.tests.test_backend.TestExercises" name="test_list_exercises_authenticated" time="0.060" /><testcase classname="backend.tests.test_backend.TestExercises" name="test_list_exercises_unauthenticated" time="0.045" /><testcase classname="backend.tests.test_backend.TestExercises" name="test_exercise_has_required_fields" time="0.050" /><testcase classname="backend.tests.test_backend.TestExercises" name="test_filter_by_category" time="0.050" /><testcase classname="backend.tests.test_backend.TestProgress" name="test_progress_authenticated" time="0.050" /><testcase classname="backend.tests.test_backend.TestProgress" name="test_progress_unauthenticated" time="0.050" /><testcase classname="backend.tests.test_backend.TestProfile" name="test_get_user_me" time="0.049" /><testcase classname="backend.tests.test_backend.TestProfile" name="test_update_profile_name" time="0.106" /><testcase classname="backend.tests.test_backend.TestProfile" name="test_update_invalid_job_profile" time="0.054" /></testsuite></testsuites>